<?xml version='1.0' encoding='UTF-8'?>
<testsuite hostname="ArunKumars-MacBook-Pro-3.local" name="ScalaFeatures" tests="2" errors="0" failures="2" skipped="0" time="1.347" timestamp="2019-08-12T23:41:04">
                     <properties>
[...]
</properties>
                     <testcase classname="ScalaFeatures" name="Feature: Login to Wikipedia Scenario: Valid Page Launch - Apple" time="1.006">
                                                 <failure message="Element '//div[@class='hatnote navigation-not-searchable']/../p[3]/b[1]' not found." type="org.scalatest.exceptions.TestFailedException">org.scalatest.exceptions.TestFailedException: Element '//div[@class='hatnote navigation-not-searchable']/../p[3]/b[1]' not found.
	at org.scalatest.selenium.WebBrowser$Query.element(WebBrowser.scala:2720)
	at org.scalatest.selenium.WebBrowser$Query.element$(WebBrowser.scala:2709)
	at org.scalatest.selenium.WebBrowser$XPathQuery.element(WebBrowser.scala:2837)
	at ScalaFeatures.$anonfun$new$2(ScalaFeatures.scala:33)
	at scala.runtime.java8.JFunction0$mcV$sp.apply(JFunction0$mcV$sp.scala:18)
	at org.scalatest.OutcomeOf.outcomeOf(OutcomeOf.scala:85)
	at org.scalatest.OutcomeOf.outcomeOf$(OutcomeOf.scala:83)
	at org.scalatest.OutcomeOf$.outcomeOf(OutcomeOf.scala:104)
	at org.scalatest.Transformer.apply(Transformer.scala:22)
	at org.scalatest.Transformer.apply(Transformer.scala:20)
	at org.scalatest.FeatureSpecLike$$anon$1.apply(FeatureSpecLike.scala:233)
	at org.scalatest.TestSuite.withFixture(TestSuite.scala:196)
	at org.scalatest.TestSuite.withFixture$(TestSuite.scala:195)
	at org.scalatest.FeatureSpec.withFixture(FeatureSpec.scala:1825)
	at org.scalatest.FeatureSpecLike.invokeWithFixture$1(FeatureSpecLike.scala:231)
	at org.scalatest.FeatureSpecLike.$anonfun$runTest$1(FeatureSpecLike.scala:243)
	at org.scalatest.SuperEngine.runTestImpl(Engine.scala:286)
	at org.scalatest.FeatureSpecLike.runTest(FeatureSpecLike.scala:243)
	at org.scalatest.FeatureSpecLike.runTest$(FeatureSpecLike.scala:225)
	at org.scalatest.FeatureSpec.runTest(FeatureSpec.scala:1825)
	at org.scalatest.FeatureSpecLike.$anonfun$runTests$1(FeatureSpecLike.scala:302)
	at org.scalatest.SuperEngine.$anonfun$runTestsInBranch$1(Engine.scala:393)
	at scala.collection.immutable.List.foreach(List.scala:312)
	at org.scalatest.SuperEngine.traverseSubNodes$1(Engine.scala:381)
	at org.scalatest.SuperEngine.runTestsInBranch(Engine.scala:370)
	at org.scalatest.SuperEngine.$anonfun$runTestsInBranch$1(Engine.scala:407)
	at scala.collection.immutable.List.foreach(List.scala:312)
	at org.scalatest.SuperEngine.traverseSubNodes$1(Engine.scala:381)
	at org.scalatest.SuperEngine.runTestsInBranch(Engine.scala:376)
	at org.scalatest.SuperEngine.runTestsImpl(Engine.scala:458)
	at org.scalatest.FeatureSpecLike.runTests(FeatureSpecLike.scala:302)
	at org.scalatest.FeatureSpecLike.runTests$(FeatureSpecLike.scala:301)
	at org.scalatest.FeatureSpec.runTests(FeatureSpec.scala:1825)
	at org.scalatest.Suite.run(Suite.scala:1124)
	at org.scalatest.Suite.run$(Suite.scala:1106)
	at org.scalatest.FeatureSpec.org$scalatest$FeatureSpecLike$$super$run(FeatureSpec.scala:1825)
	at org.scalatest.FeatureSpecLike.$anonfun$run$1(FeatureSpecLike.scala:343)
	at org.scalatest.SuperEngine.runImpl(Engine.scala:518)
	at org.scalatest.FeatureSpecLike.run(FeatureSpecLike.scala:343)
	at org.scalatest.FeatureSpecLike.run$(FeatureSpecLike.scala:342)
	at ScalaFeatures.org$scalatest$BeforeAndAfterAll$$super$run(ScalaFeatures.scala:9)
	at org.scalatest.BeforeAndAfterAll.liftedTree1$1(BeforeAndAfterAll.scala:213)
	at org.scalatest.BeforeAndAfterAll.run(BeforeAndAfterAll.scala:210)
	at org.scalatest.BeforeAndAfterAll.run$(BeforeAndAfterAll.scala:208)
	at ScalaFeatures.run(ScalaFeatures.scala:9)
	at org.scalatest.tools.Framework.org$scalatest$tools$Framework$$runSuite(Framework.scala:317)
	at org.scalatest.tools.Framework$ScalaTestTask.execute(Framework.scala:510)
	at sbt.TestRunner.runTest$1(TestFramework.scala:113)
	at sbt.TestRunner.run(TestFramework.scala:124)
	at sbt.TestFramework$$anon$2$$anonfun$$lessinit$greater$1.$anonfun$apply$1(TestFramework.scala:282)
	at sbt.TestFramework$.sbt$TestFramework$$withContextLoader(TestFramework.scala:246)
	at sbt.TestFramework$$anon$2$$anonfun$$lessinit$greater$1.apply(TestFramework.scala:282)
	at sbt.TestFramework$$anon$2$$anonfun$$lessinit$greater$1.apply(TestFramework.scala:282)
	at sbt.TestFunction.apply(TestFramework.scala:294)
	at sbt.Tests$.$anonfun$toTask$1(Tests.scala:309)
	at sbt.std.Transform$$anon$3.$anonfun$apply$2(System.scala:46)
	at sbt.std.Transform$$anon$4.work(System.scala:67)
	at sbt.Execute.$anonfun$submit$2(Execute.scala:269)
	at sbt.internal.util.ErrorHandling$.wideConvert(ErrorHandling.scala:16)
	at sbt.Execute.work(Execute.scala:278)
	at sbt.Execute.$anonfun$submit$1(Execute.scala:269)
	at sbt.ConcurrentRestrictions$$anon$4.$anonfun$submitValid$1(ConcurrentRestrictions.scala:178)
	at sbt.CompletionService$$anon$2.call(CompletionService.scala:37)
	at java.util.concurrent.FutureTask.run(FutureTask.java:266)
	at java.util.concurrent.Executors$RunnableAdapter.call(Executors.java:511)
	at java.util.concurrent.FutureTask.run(FutureTask.java:266)
	at java.util.concurrent.ThreadPoolExecutor.runWorker(ThreadPoolExecutor.java:1149)
	at java.util.concurrent.ThreadPoolExecutor$Worker.run(ThreadPoolExecutor.java:624)
	at java.lang.Thread.run(Thread.java:748)
Caused by: org.openqa.selenium.NoSuchElementException: no such element: Unable to locate element: {&quot;method&quot;:&quot;xpath&quot;,&quot;selector&quot;:&quot;//div[@class='hatnote navigation-not-searchable']/../p[3]/b[1]&quot;}
  (Session info: chrome=77.0.3865.19)
For documentation on this error, please visit: https://www.seleniumhq.org/exceptions/no_such_element.html
Build info: version: '3.141.59', revision: 'e82be7d358', time: '2018-11-14T08:17:03'
System info: host: 'ArunKumars-MacBook-Pro-3.local', ip: 'fe80:0:0:0:ed:3855:ac83:e14b%en0', os.name: 'Mac OS X', os.arch: 'x86_64', os.version: '10.14.5', java.version: '1.8.0_202'
Driver info: org.openqa.selenium.chrome.ChromeDriver
Capabilities {acceptInsecureCerts: false, browserName: chrome, browserVersion: 77.0.3865.19, chrome: {chromedriverVersion: 77.0.3865.10 (bc3579f611bbc..., userDataDir: /var/folders/lt/bv5__m7n787...}, goog:chromeOptions: {debuggerAddress: localhost:53406}, javascriptEnabled: true, networkConnectionEnabled: false, pageLoadStrategy: normal, platform: MAC, platformName: MAC, proxy: Proxy(), setWindowRect: true, strictFileInteractability: false, timeouts: {implicit: 0, pageLoad: 300000, script: 30000}, unhandledPromptBehavior: dismiss and notify}
Session ID: bf90530690d0e1d9036f3eb09757301c
*** Element info: {Using=xpath, value=//div[@class='hatnote navigation-not-searchable']/../p[3]/b[1]}
	at sun.reflect.NativeConstructorAccessorImpl.newInstance0(Native Method)
	at sun.reflect.NativeConstructorAccessorImpl.newInstance(NativeConstructorAccessorImpl.java:62)
	at sun.reflect.DelegatingConstructorAccessorImpl.newInstance(DelegatingConstructorAccessorImpl.java:45)
	at java.lang.reflect.Constructor.newInstance(Constructor.java:423)
	at org.openqa.selenium.remote.http.W3CHttpResponseCodec.createException(W3CHttpResponseCodec.java:187)
	at org.openqa.selenium.remote.http.W3CHttpResponseCodec.decode(W3CHttpResponseCodec.java:122)
	at org.openqa.selenium.remote.http.W3CHttpResponseCodec.decode(W3CHttpResponseCodec.java:49)
	at org.openqa.selenium.remote.HttpCommandExecutor.execute(HttpCommandExecutor.java:158)
	at org.openqa.selenium.remote.service.DriverCommandExecutor.execute(DriverCommandExecutor.java:83)
	at org.openqa.selenium.remote.RemoteWebDriver.execute(RemoteWebDriver.java:552)
	at org.openqa.selenium.remote.RemoteWebDriver.findElement(RemoteWebDriver.java:323)
	at org.openqa.selenium.remote.RemoteWebDriver.findElementByXPath(RemoteWebDriver.java:428)
	at org.openqa.selenium.By$ByXPath.findElement(By.java:353)
	at org.openqa.selenium.remote.RemoteWebDriver.findElement(RemoteWebDriver.java:315)
	at org.scalatest.selenium.WebBrowser$Query.element(WebBrowser.scala:2711)
	... 68 more
</failure>
                                               </testcase><testcase classname="ScalaFeatures" name="Feature: Login to Wikipedia Scenario: Valid Page Launch - Mango" time="0.341">
                                                 <failure message="Element '//div[@class='hatnote navigation-not-searchable']/../p[3]/b[1]' not found." type="org.scalatest.exceptions.TestFailedException">org.scalatest.exceptions.TestFailedException: Element '//div[@class='hatnote navigation-not-searchable']/../p[3]/b[1]' not found.
	at org.scalatest.selenium.WebBrowser$Query.element(WebBrowser.scala:2720)
	at org.scalatest.selenium.WebBrowser$Query.element$(WebBrowser.scala:2709)
	at org.scalatest.selenium.WebBrowser$XPathQuery.element(WebBrowser.scala:2837)
	at ScalaFeatures.$anonfun$new$3(ScalaFeatures.scala:52)
	at scala.runtime.java8.JFunction0$mcV$sp.apply(JFunction0$mcV$sp.scala:18)
	at org.scalatest.OutcomeOf.outcomeOf(OutcomeOf.scala:85)
	at org.scalatest.OutcomeOf.outcomeOf$(OutcomeOf.scala:83)
	at org.scalatest.OutcomeOf$.outcomeOf(OutcomeOf.scala:104)
	at org.scalatest.Transformer.apply(Transformer.scala:22)
	at org.scalatest.Transformer.apply(Transformer.scala:20)
	at org.scalatest.FeatureSpecLike$$anon$1.apply(FeatureSpecLike.scala:233)
	at org.scalatest.TestSuite.withFixture(TestSuite.scala:196)
	at org.scalatest.TestSuite.withFixture$(TestSuite.scala:195)
	at org.scalatest.FeatureSpec.withFixture(FeatureSpec.scala:1825)
	at org.scalatest.FeatureSpecLike.invokeWithFixture$1(FeatureSpecLike.scala:231)
	at org.scalatest.FeatureSpecLike.$anonfun$runTest$1(FeatureSpecLike.scala:243)
	at org.scalatest.SuperEngine.runTestImpl(Engine.scala:286)
	at org.scalatest.FeatureSpecLike.runTest(FeatureSpecLike.scala:243)
	at org.scalatest.FeatureSpecLike.runTest$(FeatureSpecLike.scala:225)
	at org.scalatest.FeatureSpec.runTest(FeatureSpec.scala:1825)
	at org.scalatest.FeatureSpecLike.$anonfun$runTests$1(FeatureSpecLike.scala:302)
	at org.scalatest.SuperEngine.$anonfun$runTestsInBranch$1(Engine.scala:393)
	at scala.collection.immutable.List.foreach(List.scala:312)
	at org.scalatest.SuperEngine.traverseSubNodes$1(Engine.scala:381)
	at org.scalatest.SuperEngine.runTestsInBranch(Engine.scala:370)
	at org.scalatest.SuperEngine.$anonfun$runTestsInBranch$1(Engine.scala:407)
	at scala.collection.immutable.List.foreach(List.scala:312)
	at org.scalatest.SuperEngine.traverseSubNodes$1(Engine.scala:381)
	at org.scalatest.SuperEngine.runTestsInBranch(Engine.scala:376)
	at org.scalatest.SuperEngine.runTestsImpl(Engine.scala:458)
	at org.scalatest.FeatureSpecLike.runTests(FeatureSpecLike.scala:302)
	at org.scalatest.FeatureSpecLike.runTests$(FeatureSpecLike.scala:301)
	at org.scalatest.FeatureSpec.runTests(FeatureSpec.scala:1825)
	at org.scalatest.Suite.run(Suite.scala:1124)
	at org.scalatest.Suite.run$(Suite.scala:1106)
	at org.scalatest.FeatureSpec.org$scalatest$FeatureSpecLike$$super$run(FeatureSpec.scala:1825)
	at org.scalatest.FeatureSpecLike.$anonfun$run$1(FeatureSpecLike.scala:343)
	at org.scalatest.SuperEngine.runImpl(Engine.scala:518)
	at org.scalatest.FeatureSpecLike.run(FeatureSpecLike.scala:343)
	at org.scalatest.FeatureSpecLike.run$(FeatureSpecLike.scala:342)
	at ScalaFeatures.org$scalatest$BeforeAndAfterAll$$super$run(ScalaFeatures.scala:9)
	at org.scalatest.BeforeAndAfterAll.liftedTree1$1(BeforeAndAfterAll.scala:213)
	at org.scalatest.BeforeAndAfterAll.run(BeforeAndAfterAll.scala:210)
	at org.scalatest.BeforeAndAfterAll.run$(BeforeAndAfterAll.scala:208)
	at ScalaFeatures.run(ScalaFeatures.scala:9)
	at org.scalatest.tools.Framework.org$scalatest$tools$Framework$$runSuite(Framework.scala:317)
	at org.scalatest.tools.Framework$ScalaTestTask.execute(Framework.scala:510)
	at sbt.TestRunner.runTest$1(TestFramework.scala:113)
	at sbt.TestRunner.run(TestFramework.scala:124)
	at sbt.TestFramework$$anon$2$$anonfun$$lessinit$greater$1.$anonfun$apply$1(TestFramework.scala:282)
	at sbt.TestFramework$.sbt$TestFramework$$withContextLoader(TestFramework.scala:246)
	at sbt.TestFramework$$anon$2$$anonfun$$lessinit$greater$1.apply(TestFramework.scala:282)
	at sbt.TestFramework$$anon$2$$anonfun$$lessinit$greater$1.apply(TestFramework.scala:282)
	at sbt.TestFunction.apply(TestFramework.scala:294)
	at sbt.Tests$.$anonfun$toTask$1(Tests.scala:309)
	at sbt.std.Transform$$anon$3.$anonfun$apply$2(System.scala:46)
	at sbt.std.Transform$$anon$4.work(System.scala:67)
	at sbt.Execute.$anonfun$submit$2(Execute.scala:269)
	at sbt.internal.util.ErrorHandling$.wideConvert(ErrorHandling.scala:16)
	at sbt.Execute.work(Execute.scala:278)
	at sbt.Execute.$anonfun$submit$1(Execute.scala:269)
	at sbt.ConcurrentRestrictions$$anon$4.$anonfun$submitValid$1(ConcurrentRestrictions.scala:178)
	at sbt.CompletionService$$anon$2.call(CompletionService.scala:37)
	at java.util.concurrent.FutureTask.run(FutureTask.java:266)
	at java.util.concurrent.Executors$RunnableAdapter.call(Executors.java:511)
	at java.util.concurrent.FutureTask.run(FutureTask.java:266)
	at java.util.concurrent.ThreadPoolExecutor.runWorker(ThreadPoolExecutor.java:1149)
	at java.util.concurrent.ThreadPoolExecutor$Worker.run(ThreadPoolExecutor.java:624)
	at java.lang.Thread.run(Thread.java:748)
Caused by: org.openqa.selenium.NoSuchElementException: no such element: Unable to locate element: {&quot;method&quot;:&quot;xpath&quot;,&quot;selector&quot;:&quot;//div[@class='hatnote navigation-not-searchable']/../p[3]/b[1]&quot;}
  (Session info: chrome=77.0.3865.19)
For documentation on this error, please visit: https://www.seleniumhq.org/exceptions/no_such_element.html
Build info: version: '3.141.59', revision: 'e82be7d358', time: '2018-11-14T08:17:03'
System info: host: 'ArunKumars-MacBook-Pro-3.local', ip: 'fe80:0:0:0:ed:3855:ac83:e14b%en0', os.name: 'Mac OS X', os.arch: 'x86_64', os.version: '10.14.5', java.version: '1.8.0_202'
Driver info: org.openqa.selenium.chrome.ChromeDriver
Capabilities {acceptInsecureCerts: false, browserName: chrome, browserVersion: 77.0.3865.19, chrome: {chromedriverVersion: 77.0.3865.10 (bc3579f611bbc..., userDataDir: /var/folders/lt/bv5__m7n787...}, goog:chromeOptions: {debuggerAddress: localhost:53406}, javascriptEnabled: true, networkConnectionEnabled: false, pageLoadStrategy: normal, platform: MAC, platformName: MAC, proxy: Proxy(), setWindowRect: true, strictFileInteractability: false, timeouts: {implicit: 0, pageLoad: 300000, script: 30000}, unhandledPromptBehavior: dismiss and notify}
Session ID: bf90530690d0e1d9036f3eb09757301c
*** Element info: {Using=xpath, value=//div[@class='hatnote navigation-not-searchable']/../p[3]/b[1]}
	at sun.reflect.NativeConstructorAccessorImpl.newInstance0(Native Method)
	at sun.reflect.NativeConstructorAccessorImpl.newInstance(NativeConstructorAccessorImpl.java:62)
	at sun.reflect.DelegatingConstructorAccessorImpl.newInstance(DelegatingConstructorAccessorImpl.java:45)
	at java.lang.reflect.Constructor.newInstance(Constructor.java:423)
	at org.openqa.selenium.remote.http.W3CHttpResponseCodec.createException(W3CHttpResponseCodec.java:187)
	at org.openqa.selenium.remote.http.W3CHttpResponseCodec.decode(W3CHttpResponseCodec.java:122)
	at org.openqa.selenium.remote.http.W3CHttpResponseCodec.decode(W3CHttpResponseCodec.java:49)
	at org.openqa.selenium.remote.HttpCommandExecutor.execute(HttpCommandExecutor.java:158)
	at org.openqa.selenium.remote.service.DriverCommandExecutor.execute(DriverCommandExecutor.java:83)
	at org.openqa.selenium.remote.RemoteWebDriver.execute(RemoteWebDriver.java:552)
	at org.openqa.selenium.remote.RemoteWebDriver.findElement(RemoteWebDriver.java:323)
	at org.openqa.selenium.remote.RemoteWebDriver.findElementByXPath(RemoteWebDriver.java:428)
	at org.openqa.selenium.By$ByXPath.findElement(By.java:353)
	at org.openqa.selenium.remote.RemoteWebDriver.findElement(RemoteWebDriver.java:315)
	at org.scalatest.selenium.WebBrowser$Query.element(WebBrowser.scala:2711)
	... 68 more
</failure>
                                               </testcase>
                     <system-out><![CDATA[]]></system-out>
                     <system-err><![CDATA[]]></system-err>
                   </testsuite>